<?xml version="1.0" encoding="UTF-8"?>
<!-- Generated by org.testng.reporters.JUnitReportReporter -->
<testsuite hostname="GOWRISANKAR" failures="0" tests="4" name="runner.assation" time="15.092" errors="0" timestamp="2025-04-01T21:09:06 IST" skipped="0">
  <testcase classname="runner.assation" name="runScenario" time="4.830"/>
  <testcase classname="runner.assation" name="runScenario" time="3.619"/>
  <testcase classname="runner.assation" name="runScenario" time="3.438"/>
  <testcase classname="runner.assation" name="runScenario" time="3.205"/>
</testsuite> <!-- runner.assation -->
