<?xml version="1.0" encoding="UTF-8"?>
<!-- Generated by org.testng.reporters.JUnitReportReporter -->
<testsuite hostname="GOWRISANKAR" failures="0" tests="4" name="runner.assation" time="16.798" errors="0" timestamp="2025-04-02T10:13:51 IST" skipped="0">
  <testcase classname="runner.assation" name="runScenario" time="4.347"/>
  <testcase classname="runner.assation" name="runScenario" time="4.149"/>
  <testcase classname="runner.assation" name="runScenario" time="4.179"/>
  <testcase classname="runner.assation" name="runScenario" time="4.123"/>
</testsuite> <!-- runner.assation -->
