<?xml version="1.0" encoding="UTF-8"?>
<!-- Generated by org.testng.reporters.JUnitReportReporter -->
<testsuite hostname="GOWRISANKAR" failures="0" tests="4" name="runner.assation" time="11.727" errors="0" timestamp="2025-04-02T11:21:03 IST" skipped="0">
  <testcase classname="runner.assation" name="runScenario" time="2.749"/>
  <testcase classname="runner.assation" name="runScenario" time="3.263"/>
  <testcase classname="runner.assation" name="runScenario" time="2.851"/>
  <testcase classname="runner.assation" name="runScenario" time="2.864"/>
</testsuite> <!-- runner.assation -->
